2025-10-28 16:10:56 | invoice_processing | Queue pressure detected: Support tickets not being resolved on time. | client_001
2025-10-28 16:14:09 | invoice_processing | Queue pressure detected in support ticket system. Ticket backlog increasing. | client_001
2025-10-28 16:28:49 | customer_support | queue_pressure | client_002
2025-10-28 16:29:18 | inventory_tracking | queue_pressure | client_002
2025-10-28 16:29:18 | invoice_processing | queue_pressure | client_077
2025-10-28 16:32:29 | order_processing | queue_pressure | client_001
2025-10-28 16:32:29 | inventory_tracking | queue_pressure | client_001
2025-10-28 16:32:29 | customer_support | api_failure | client_002
2025-10-28 16:32:29 | customer_support | workflow_delay | client_001
2025-10-28 16:32:29 | invoice_processing | workflow_delay | client_003
2025-10-28 16:32:41 | order_processing | data_error | client_003
2025-10-28 16:33:01 | order_processing | data_error | client_001
2025-10-28 16:33:16 | customer_support | api_failure | client_001
2025-10-28 16:33:36 | inventory_tracking | workflow_delay | client_003
2025-10-28 16:33:51 | inventory_tracking | workflow_delay | client_002
2025-10-28 16:34:11 | customer_support | queue_pressure | client_003
2025-10-28 16:34:24 | customer_support | workflow_delay | client_001
2025-10-28 16:34:41 | invoice_processing | workflow_delay | client_003
2025-10-28 16:34:57 | inventory_tracking | data_error | client_003
2025-10-28 16:35:16 | invoice_processing | data_error | client_001
2025-10-28 16:35:32 | invoice_processing | api_failure | client_003
2025-10-28 16:35:52 | customer_support | workflow_delay | client_003
2025-10-28 16:36:12 | order_processing | api_failure | client_003
2025-10-28 16:36:48 | invoice_processing | data_error | client_001
2025-10-28 16:37:48 | customer_support | api_failure | client_001
2025-10-28 16:38:20 | invoice_processing | workflow_delay | client_003
2025-10-28 16:38:36 | inventory_tracking | data_error | client_001
2025-10-28 16:38:51 | order_processing | data_error | client_003
2025-10-28 16:39:11 | order_processing | data_error | client_001
2025-10-28 16:39:27 | order_processing | api_failure | client_003
2025-10-28 16:39:42 | order_processing | data_error | client_001
2025-10-28 16:39:57 | inventory_tracking | workflow_delay | client_002
2025-10-28 16:40:12 | customer_support | queue_pressure | client_001
2025-10-28 16:40:48 | order_processing | api_failure | client_001
2025-10-28 16:41:06 | order_processing | data_error | client_003
2025-10-28 16:41:07 | customer_support | data_error | client_002
2025-10-28 16:41:28 | order_processing | workflow_delay | client_003
2025-10-28 16:41:47 | customer_support | data_error | client_002
2025-10-28 16:42:06 | order_processing | data_error | client_002
2025-10-28 16:42:21 | customer_support | queue_pressure | client_002
2025-10-28 16:42:36 | inventory_tracking | data_error | client_002
2025-10-28 16:42:56 | order_processing | data_error | client_003
2025-10-28 16:43:16 | order_processing | data_error | client_001
2025-10-28 16:43:32 | order_processing | data_error | client_003
2025-10-28 16:43:52 | inventory_tracking | data_error | client_001
2025-10-28 16:44:12 | invoice_processing | workflow_delay | client_003
2025-10-28 16:44:31 | invoice_processing | data_error | client_002
2025-10-28 16:44:47 | inventory_tracking | workflow_delay | client_001
2025-10-28 16:45:07 | invoice_processing | workflow_delay | client_003
2025-10-28 16:45:22 | invoice_processing | queue_pressure | client_001
2025-10-28 16:45:37 | invoice_processing | workflow_delay | client_003
2025-10-28 16:46:48 | inventory_tracking | queue_pressure | client_001
2025-10-28 16:47:06 | inventory_tracking | api_failure | client_003
2025-10-28 16:47:21 | order_processing | queue_pressure | client_002
2025-10-28 16:47:41 | invoice_processing | queue_pressure | client_001
2025-10-28 16:47:57 | inventory_tracking | queue_pressure | client_002
2025-10-28 16:48:16 | customer_support | data_error | client_003
2025-10-28 16:48:31 | inventory_tracking | api_failure | client_001
2025-10-28 16:48:42 | invoice_processing | data_error | client_001
2025-10-28 16:49:01 | inventory_tracking | api_failure | client_002
2025-10-28 16:49:21 | order_processing | api_failure | client_001
2025-10-28 16:49:36 | invoice_processing | data_error | client_002
2025-10-28 16:49:56 | invoice_processing | workflow_delay | client_001
2025-10-28 16:50:16 | order_processing | api_failure | client_003
2025-10-28 16:50:32 | inventory_tracking | api_failure | client_002
2025-10-28 16:50:47 | order_processing | queue_pressure | client_003
2025-10-28 16:51:02 | invoice_processing | workflow_delay | client_002
2025-10-28 16:51:48 | invoice_processing | data_error | client_002
2025-10-28 16:52:10 | order_processing | queue_pressure | client_001
2025-10-28 16:52:26 | order_processing | api_failure | client_001
2025-10-28 16:52:47 | inventory_tracking | workflow_delay | client_001
2025-10-28 16:53:02 | customer_support | workflow_delay | client_001
2025-10-28 16:53:22 | inventory_tracking | api_failure | client_001
2025-10-28 16:53:37 | customer_support | workflow_delay | client_001
2025-10-28 16:54:48 | invoice_processing | data_error | client_003
2025-10-28 16:55:48 | invoice_processing | workflow_delay | client_002
2025-10-28 16:56:48 | order_processing | api_failure | client_001
2025-10-28 16:57:48 | order_processing | queue_pressure | client_002
2025-10-28 16:58:48 | invoice_processing | workflow_delay | client_001
2025-10-28 16:59:48 | customer_support | api_failure | client_001
2025-10-28 17:00:48 | order_processing | data_error | client_002
2025-10-28 17:01:48 | customer_support | workflow_delay | client_003
2025-10-28 17:02:48 | order_processing | data_error | client_002
2025-10-28 17:03:48 | invoice_processing | api_failure | client_002
2025-10-28 17:04:48 | order_processing | api_failure | client_001
2025-10-28 17:05:48 | inventory_tracking | data_error | client_003
2025-10-28 17:06:48 | order_processing | api_failure | client_003
2025-10-28 17:07:48 | order_processing | api_failure | client_002
2025-10-28 17:08:48 | inventory_tracking | data_error | client_001
2025-10-28 17:09:48 | inventory_tracking | workflow_delay | client_003
2025-10-28 17:10:48 | inventory_tracking | queue_pressure | client_001
2025-10-28 17:11:47 | customer_support | data_error | client_002
2025-10-28 17:12:48 | inventory_tracking | workflow_delay | client_003
2025-10-28 17:13:48 | invoice_processing | workflow_delay | client_003
2025-10-28 17:14:48 | inventory_tracking | workflow_delay | client_001
2025-10-28 17:15:48 | inventory_tracking | api_failure | client_002
2025-10-28 17:16:48 | invoice_processing | api_failure | client_002
2025-10-28 17:17:48 | order_processing | workflow_delay | client_001
2025-10-28 17:18:48 | customer_support | data_error | client_002
2025-10-28 17:19:48 | order_processing | data_error | client_003
2025-10-28 17:20:48 | invoice_processing | queue_pressure | client_002
2025-10-28 17:21:48 | inventory_tracking | data_error | client_003
2025-10-28 17:38:58 | order_processing | workflow_delay | client_001
2025-10-28 17:39:00 | invoice_processing | queue_pressure | client_001
2025-10-28 17:39:17 | order_processing | api_failure | client_003
2025-10-28 17:39:37 | invoice_processing | workflow_delay | client_001
2025-10-28 17:39:53 | inventory_tracking | workflow_delay | client_003
2025-10-28 17:40:09 | inventory_tracking | queue_pressure | client_003
2025-10-28 17:40:28 | invoice_processing | api_failure | client_003
2025-10-28 17:40:49 | order_processing | workflow_delay | client_003
2025-10-28 17:41:49 | invoice_processing | workflow_delay | client_001
2025-10-28 17:42:50 | inventory_tracking | api_failure | client_002
2025-10-28 17:43:49 | invoice_processing | api_failure | client_003
2025-10-28 17:44:50 | invoice_processing | data_error | client_003
2025-10-28 17:45:50 | customer_support | api_failure | client_001
2025-10-28 17:46:50 | customer_support | data_error | client_002
2025-10-28 17:47:49 | order_processing | api_failure | client_001
2025-10-28 17:48:49 | inventory_tracking | workflow_delay | client_001
